{
  "stats": {
    "suites": 1,
    "tests": 4,
    "passes": 4,
    "pending": 0,
    "failures": 0,
    "start": "2021-02-16T15:07:56.247Z",
    "end": "2021-02-16T15:09:30.181Z",
    "duration": 93934,
    "testsRegistered": 4,
    "passPercent": 100,
    "pendingPercent": 0,
    "other": 0,
    "hasOther": false,
    "skipped": 0,
    "hasSkipped": false
  },
  "results": [
    {
      "uuid": "30ca405c-546b-47f9-83dc-7de68ac704ee",
      "title": "",
      "fullFile": "cypress\\integration\\examples\\StanAutomation\\StanPlay.js",
      "file": "cypress\\integration\\examples\\StanAutomation\\StanPlay.js",
      "beforeHooks": [],
      "afterHooks": [],
      "tests": [],
      "suites": [
        {
          "uuid": "21800a99-c69f-40b9-aeb2-e498705a8271",
          "title": "Automation of Stan watch",
          "fullFile": "",
          "file": "",
          "beforeHooks": [],
          "afterHooks": [],
          "tests": [
            {
              "title": "Test_01 - Navigate to Stan play page",
              "fullTitle": "Automation of Stan watch Test_01 - Navigate to Stan play page",
              "timedOut": null,
              "duration": 54612,
              "state": "passed",
              "speed": "slow",
              "pass": true,
              "fail": false,
              "pending": false,
              "context": null,
              "code": "cy.visit(sStanPlayUrl); //cy.get(\"a\").contains(\"Log in\").click()\ncy.get(sHeaderLoginLink).click();\ncy.get(sUserLoc).should('be.visible');\ncy.EnterUsername(sUserLoc, sUserVal);\ncy.get(sPassLoc).should('be.visible');\ncy.EnterPassword(sPassLoc, sPassVal);\ncy.get(sLoginLoc).should('be.visible');\ncy.ClickOnlogin(sLoginLoc);\ncy.wait(2000);\ncy.get(sProfileIcon).click();",
              "err": {},
              "uuid": "efa91a47-2003-42c9-873a-67180d323414",
              "parentUUID": "21800a99-c69f-40b9-aeb2-e498705a8271",
              "isHook": false,
              "skipped": false
            },
            {
              "title": "Test_02 - Search and clik on a series",
              "fullTitle": "Automation of Stan watch Test_02 - Search and clik on a series",
              "timedOut": null,
              "duration": 16941,
              "state": "passed",
              "speed": "slow",
              "pass": true,
              "fail": false,
              "pending": false,
              "context": null,
              "code": "cy.get(sStanSearchIcon).click();\ncy.get(sStanSearchTxtbox).type(sSeriesToSearch);\ncy.wait(2000);\ncy.get(sSearchResult).find(sSearchResultItem).first().click();\ncy.wait(4000); //Verify if series page is displayed\ncy.get('.program__section').should('be.visible');",
              "err": {},
              "uuid": "f53ab89a-4f3a-4ea3-a28a-e09c8d25df61",
              "parentUUID": "21800a99-c69f-40b9-aeb2-e498705a8271",
              "isHook": false,
              "skipped": false
            },
            {
              "title": "Test_03 - Add and verify series in Mylist",
              "fullTitle": "Automation of Stan watch Test_03 - Add and verify series in Mylist",
              "timedOut": null,
              "duration": 7402,
              "state": "passed",
              "speed": "slow",
              "pass": true,
              "fail": false,
              "pending": false,
              "context": null,
              "code": "cy.get(sStanMylistBtn).click();\ncy.wait(4000);\ncy.get(sStanMenu).click();\ncy.get(sStanMyList).click();\ncy.wait(2000); //Verify that series should be displayed in mylist\ncy.get('[alt=' + sSeriesToSearch + ']').should('be.visible');",
              "err": {},
              "uuid": "3f55ce3b-0a60-4dfb-ab3b-eb06a47026e4",
              "parentUUID": "21800a99-c69f-40b9-aeb2-e498705a8271",
              "isHook": false,
              "skipped": false
            },
            {
              "title": "Test_04 - Remove series from Mylist",
              "fullTitle": "Automation of Stan watch Test_04 - Remove series from Mylist",
              "timedOut": null,
              "duration": 493,
              "state": "passed",
              "speed": "slow",
              "pass": true,
              "fail": false,
              "pending": false,
              "context": null,
              "code": "cy.get(sStanProgramList).find('[alt=' + sSeriesToSearch + ']').parent().parent().find(sStanRemoveBtn).click(); //Verify that list should be empty\ncy.get('.my__empty').should('contain', 'Your My List is empty.');",
              "err": {},
              "uuid": "a28c2abb-8fef-43fc-a232-4ef588d50d71",
              "parentUUID": "21800a99-c69f-40b9-aeb2-e498705a8271",
              "isHook": false,
              "skipped": false
            }
          ],
          "suites": [],
          "passes": [
            "efa91a47-2003-42c9-873a-67180d323414",
            "f53ab89a-4f3a-4ea3-a28a-e09c8d25df61",
            "3f55ce3b-0a60-4dfb-ab3b-eb06a47026e4",
            "a28c2abb-8fef-43fc-a232-4ef588d50d71"
          ],
          "failures": [],
          "pending": [],
          "skipped": [],
          "duration": 79448,
          "root": false,
          "rootEmpty": false,
          "_timeout": 2000
        }
      ],
      "passes": [],
      "failures": [],
      "pending": [],
      "skipped": [],
      "duration": 0,
      "root": true,
      "rootEmpty": true,
      "_timeout": 2000
    }
  ],
  "meta": {
    "mocha": {
      "version": "7.0.1"
    },
    "mochawesome": {
      "options": {
        "quiet": true,
        "reportFilename": "report",
        "saveHtml": true,
        "saveJson": true,
        "consoleReporter": "spec",
        "useInlineDiffs": false,
        "code": true
      },
      "version": "6.2.1"
    },
    "marge": {
      "options": {
        "quiet": true,
        "reportDir": "cypress/reports",
        "reportFilename": "report",
        "overwrite": false,
        "html": true,
        "json": true,
        "charts": true
      },
      "version": "5.1.0"
    }
  }
}